<?xml version="1.0" encoding="UTF-8"?>
<!-- Generated by org.testng.reporters.JUnitReportReporter -->
<testsuite hostname="Borka" name="testing_pack.Tabs" tests="1" failures="0" timestamp="22 Nov 2015 07:35:52 GMT" time="8.965" errors="0">
  <testcase name="openTab" time="8.965" classname="testing_pack.Tabs"/>
</testsuite> <!-- testing_pack.Tabs -->
