<?xml version="1.0" encoding="UTF-8"?>
<!-- Generated by org.testng.reporters.JUnitReportReporter -->
<testsuite hostname="Borka" name="testing_pack.ZoomBrowser" tests="1" failures="0" timestamp="22 Nov 2015 07:31:12 GMT" time="2.925" errors="0">
  <testcase name="getScrollStatus" time="2.925" classname="testing_pack.ZoomBrowser"/>
</testsuite> <!-- testing_pack.ZoomBrowser -->
