<?xml version="1.0" encoding="UTF-8"?>
<!-- Generated by org.testng.reporters.JUnitReportReporter -->
<testsuite hostname="Borka" name="testing_pack.ProxySettings" tests="1" failures="0" timestamp="4 Jan 2016 19:15:31 GMT" time="0.031" errors="0">
  <testcase name="start" time="0.031" classname="testing_pack.ProxySettings"/>
</testsuite> <!-- testing_pack.ProxySettings -->
