<?xml version="1.0" encoding="UTF-8"?>
<!-- Generated by org.testng.reporters.JUnitReportReporter -->
<testsuite hostname="Borka" name="testing_pack.checkPageReady" tests="1" failures="0" timestamp="22 Nov 2015 07:22:43 GMT" time="1.431" errors="0">
  <testcase name="calc" time="1.431" classname="testing_pack.checkPageReady"/>
</testsuite> <!-- testing_pack.checkPageReady -->
