<?xml version="1.0" encoding="UTF-8"?>
<!-- Generated by org.testng.reporters.JUnitReportReporter -->
<testsuite hostname="Borka" name="miscellaneous.AjaxApplications" tests="1" failures="1" timestamp="8 Jan 2016 18:57:23 GMT" time="0.000" errors="0">
  <testcase name="test_AjaxExample" time="0.000" classname="miscellaneous.AjaxApplications">
    <failure type="org.openqa.selenium.WebDriverException" message="Failed to connect to binary FirefoxBinary(C:\Program Files (x86)\Mozilla Firefox\firefox.exe) on port 7055; process output follows: 
955163014961webdriver-profile\\extensions\\fxdriver@googlecode.com&quot;,&quot;installDate&quot;:1452279393826,&quot;updateDate&quot;:1452279393826,&quot;applyBackgroundUpdates&quot;:1,&quot;bootstrap&quot;:false,&quot;size&quot;:8235030,&quot;sourceURI&quot;:null,&quot;releaseNotesURI&quot;:null,&quot;softDisabled&quot;:false,&quot;foreignInstall&quot;:true,&quot;hasBinaryComponents&quot;:true,&quot;strictCompatibility&quot;:false,&quot;locales&quot;:[],&quot;targetApplications&quot;:[{&quot;id&quot;:&quot;{ec8030f7-c20a-464f-9b0e-13a3a9e97384}&quot;,&quot;minVersion&quot;:&quot;3.0&quot;,&quot;maxVersion&quot;:&quot;66.*&quot;}],&quot;targetPlatforms&quot;:[{&quot;os&quot;:&quot;Darwin&quot;,&quot;abi&quot;:null},{&quot;os&quot;:&quot;SunOS&quot;,&quot;abi&quot;:null},{&quot;os&quot;:&quot;FreeBSD&quot;,&quot;abi&quot;:null},{&quot;os&quot;:&quot;OpenBSD&quot;,&quot;abi&quot;:null},{&quot;os&quot;:&quot;WINNT&quot;,&quot;abi&quot;:&quot;x86-msvc&quot;},{&quot;os&quot;:&quot;Linux&quot;,&quot;abi&quot;:null}],&quot;multiprocessCompatible&quot;:false,&quot;signedState&quot;:0}
1452279398241	addons.xpi	DEBUG	Updating XPIState for {&quot;id&quot;:&quot;{972ce4c6-7e08-4474-a285-3208198ce6fd}&quot;,&quot;syncGUID&quot;:&quot;1hAH6fg3JhO1&quot;,&quot;location&quot;:&quot;app-global&quot;,&quot;version&quot;:&quot;43.0.1&quot;,&quot;type&quot;:&quot;theme&quot;,&quot;internalName&quot;:&quot;classic/1.0&quot;,&quot;updateURL&quot;:null,&quot;updateKey&quot;:null,&quot;optionsURL&quot;:null,&quot;optionsType&quot;:null,&quot;aboutURL&quot;:null,&quot;iconURL&quot;:null,&quot;icon64URL&quot;:null,&quot;defaultLocale&quot;:{&quot;name&quot;:&quot;Default&quot;,&quot;description&quot;:&quot;The default theme.&quot;,&quot;creator&quot;:&quot;Mozilla&quot;,&quot;homepageURL&quot;:null,&quot;contributors&quot;:[&quot;Mozilla Contributors&quot;]},&quot;visible&quot;:true,&quot;active&quot;:true,&quot;userDisabled&quot;:false,&quot;appDisabled&quot;:false,&quot;descriptor&quot;:&quot;C:\\Program Files (x86)\\Mozilla Firefox\\browser\\extensions\\{972ce4c6-7e08-4474-a285-3208198ce6fd}&quot;,&quot;installDate&quot;:1452060918241,&quot;updateDate&quot;:1452060918241,&quot;applyBackgroundUpdates&quot;:1,&quot;skinnable&quot;:true,&quot;size&quot;:24172,&quot;sourceURI&quot;:null,&quot;releaseNotesURI&quot;:null,&quot;softDisabled&quot;:false,&quot;foreignInstall&quot;:false,&quot;hasBinaryComponents&quot;:false,&quot;strictCompatibility&quot;:true,&quot;locales&quot;:[],&quot;targetApplications&quot;:[{&quot;id&quot;:&quot;{ec8030f7-c20a-464f-9b0e-13a3a9e97384}&quot;,&quot;minVersion&quot;:&quot;43.0.1&quot;,&quot;maxVersion&quot;:&quot;43.0.1&quot;}],&quot;targetPlatforms&quot;:[]}
1452279398241	addons.xpi	DEBUG	getModTime: Recursive scan of {972ce4c6-7e08-4474-a285-3208198ce6fd}
1452279398247	DeferredSave.extensions.json	DEBUG	Save changes
1452279398247	addons.xpi	DEBUG	Updating database with changes to installed add-ons
1452279398247	addons.xpi-utils	DEBUG	Updating add-on states
1452279398254	addons.xpi-utils	DEBUG	Writing add-ons list
1452279398281	addons.manager	DEBUG	Registering shutdown blocker for XPIProvider
1452279398282	addons.manager	DEBUG	Provider finished startup: XPIProvider
1452279398282	addons.manager	DEBUG	Starting provider: LightweightThemeManager
1452279398282	addons.manager	DEBUG	Registering shutdown blocker for LightweightThemeManager
1452279398283	addons.manager	DEBUG	Provider finished startup: LightweightThemeManager
1452279398284	addons.manager	DEBUG	Starting provider: GMPProvider
1452279398299	addons.manager	DEBUG	Registering shutdown blocker for GMPProvider
1452279398300	addons.manager	DEBUG	Provider finished startup: GMPProvider
1452279398300	addons.manager	DEBUG	Starting provider: PluginProvider
1452279398300	addons.manager	DEBUG	Registering shutdown blocker for PluginProvider
1452279398301	addons.manager	DEBUG	Provider finished startup: PluginProvider
1452279398302	addons.manager	DEBUG	Completed startup sequence
1452279400212	addons.manager	DEBUG	Starting provider: &lt;unnamed-provider&gt;
1452279400213	addons.manager	DEBUG	Registering shutdown blocker for &lt;unnamed-provider&gt;
1452279400213	addons.manager	DEBUG	Provider finished startup: &lt;unnamed-provider&gt;
1452279401584	DeferredSave.extensions.json	DEBUG	Starting write
1452279402591	addons.repository	DEBUG	No addons.json found.
1452279402592	DeferredSave.addons.json	DEBUG	Save changes
1452279402609	DeferredSave.addons.json	DEBUG	Starting timer
1452279402639	addons.manager	DEBUG	Starting provider: PreviousExperimentProvider
1452279402639	addons.manager	DEBUG	Registering shutdown blocker for PreviousExperimentProvider
1452279402640	addons.manager	DEBUG	Provider finished startup: PreviousExperimentProvider
1452279402644	DeferredSave.extensions.json	DEBUG	Write succeeded
1452279402645	addons.xpi-utils	DEBUG	XPI Database saved, setting schema version preference to 17
1452279402678	DeferredSave.addons.json	DEBUG	Starting write
1452279402775	DeferredSave.addons.json	DEBUG	Write succeeded

Build info: version: &#039;2.47.1&#039;, revision: &#039;411b314&#039;, time: &#039;2015-07-30 03:03:16&#039;
System info: host: &#039;Borka&#039;, ip: &#039;192.168.0.14&#039;, os.name: &#039;Windows 8.1&#039;, os.arch: &#039;amd64&#039;, os.version: &#039;6.3&#039;, java.version: &#039;1.8.0_45&#039;
Driver info: driver.version: FirefoxDriver">
      <![CDATA[org.openqa.selenium.WebDriverException: Failed to connect to binary FirefoxBinary(C:\Program Files (x86)\Mozilla Firefox\firefox.exe) on port 7055; process output follows: 
955163014961webdriver-profile\\extensions\\fxdriver@googlecode.com","installDate":1452279393826,"updateDate":1452279393826,"applyBackgroundUpdates":1,"bootstrap":false,"size":8235030,"sourceURI":null,"releaseNotesURI":null,"softDisabled":false,"foreignInstall":true,"hasBinaryComponents":true,"strictCompatibility":false,"locales":[],"targetApplications":[{"id":"{ec8030f7-c20a-464f-9b0e-13a3a9e97384}","minVersion":"3.0","maxVersion":"66.*"}],"targetPlatforms":[{"os":"Darwin","abi":null},{"os":"SunOS","abi":null},{"os":"FreeBSD","abi":null},{"os":"OpenBSD","abi":null},{"os":"WINNT","abi":"x86-msvc"},{"os":"Linux","abi":null}],"multiprocessCompatible":false,"signedState":0}
1452279398241	addons.xpi	DEBUG	Updating XPIState for {"id":"{972ce4c6-7e08-4474-a285-3208198ce6fd}","syncGUID":"1hAH6fg3JhO1","location":"app-global","version":"43.0.1","type":"theme","internalName":"classic/1.0","updateURL":null,"updateKey":null,"optionsURL":null,"optionsType":null,"aboutURL":null,"iconURL":null,"icon64URL":null,"defaultLocale":{"name":"Default","description":"The default theme.","creator":"Mozilla","homepageURL":null,"contributors":["Mozilla Contributors"]},"visible":true,"active":true,"userDisabled":false,"appDisabled":false,"descriptor":"C:\\Program Files (x86)\\Mozilla Firefox\\browser\\extensions\\{972ce4c6-7e08-4474-a285-3208198ce6fd}","installDate":1452060918241,"updateDate":1452060918241,"applyBackgroundUpdates":1,"skinnable":true,"size":24172,"sourceURI":null,"releaseNotesURI":null,"softDisabled":false,"foreignInstall":false,"hasBinaryComponents":false,"strictCompatibility":true,"locales":[],"targetApplications":[{"id":"{ec8030f7-c20a-464f-9b0e-13a3a9e97384}","minVersion":"43.0.1","maxVersion":"43.0.1"}],"targetPlatforms":[]}
1452279398241	addons.xpi	DEBUG	getModTime: Recursive scan of {972ce4c6-7e08-4474-a285-3208198ce6fd}
1452279398247	DeferredSave.extensions.json	DEBUG	Save changes
1452279398247	addons.xpi	DEBUG	Updating database with changes to installed add-ons
1452279398247	addons.xpi-utils	DEBUG	Updating add-on states
1452279398254	addons.xpi-utils	DEBUG	Writing add-ons list
1452279398281	addons.manager	DEBUG	Registering shutdown blocker for XPIProvider
1452279398282	addons.manager	DEBUG	Provider finished startup: XPIProvider
1452279398282	addons.manager	DEBUG	Starting provider: LightweightThemeManager
1452279398282	addons.manager	DEBUG	Registering shutdown blocker for LightweightThemeManager
1452279398283	addons.manager	DEBUG	Provider finished startup: LightweightThemeManager
1452279398284	addons.manager	DEBUG	Starting provider: GMPProvider
1452279398299	addons.manager	DEBUG	Registering shutdown blocker for GMPProvider
1452279398300	addons.manager	DEBUG	Provider finished startup: GMPProvider
1452279398300	addons.manager	DEBUG	Starting provider: PluginProvider
1452279398300	addons.manager	DEBUG	Registering shutdown blocker for PluginProvider
1452279398301	addons.manager	DEBUG	Provider finished startup: PluginProvider
1452279398302	addons.manager	DEBUG	Completed startup sequence
1452279400212	addons.manager	DEBUG	Starting provider: <unnamed-provider>
1452279400213	addons.manager	DEBUG	Registering shutdown blocker for <unnamed-provider>
1452279400213	addons.manager	DEBUG	Provider finished startup: <unnamed-provider>
1452279401584	DeferredSave.extensions.json	DEBUG	Starting write
1452279402591	addons.repository	DEBUG	No addons.json found.
1452279402592	DeferredSave.addons.json	DEBUG	Save changes
1452279402609	DeferredSave.addons.json	DEBUG	Starting timer
1452279402639	addons.manager	DEBUG	Starting provider: PreviousExperimentProvider
1452279402639	addons.manager	DEBUG	Registering shutdown blocker for PreviousExperimentProvider
1452279402640	addons.manager	DEBUG	Provider finished startup: PreviousExperimentProvider
1452279402644	DeferredSave.extensions.json	DEBUG	Write succeeded
1452279402645	addons.xpi-utils	DEBUG	XPI Database saved, setting schema version preference to 17
1452279402678	DeferredSave.addons.json	DEBUG	Starting write
1452279402775	DeferredSave.addons.json	DEBUG	Write succeeded

Build info: version: '2.47.1', revision: '411b314', time: '2015-07-30 03:03:16'
System info: host: 'Borka', ip: '192.168.0.14', os.name: 'Windows 8.1', os.arch: 'amd64', os.version: '6.3', java.version: '1.8.0_45'
Driver info: driver.version: FirefoxDriver
	at org.openqa.selenium.firefox.internal.NewProfileExtensionConnection.start(NewProfileExtensionConnection.java:134)
	at org.openqa.selenium.firefox.FirefoxDriver.startClient(FirefoxDriver.java:276)
	at org.openqa.selenium.remote.RemoteWebDriver.<init>(RemoteWebDriver.java:116)
	at org.openqa.selenium.firefox.FirefoxDriver.<init>(FirefoxDriver.java:223)
	at org.openqa.selenium.firefox.FirefoxDriver.<init>(FirefoxDriver.java:216)
	at org.openqa.selenium.firefox.FirefoxDriver.<init>(FirefoxDriver.java:212)
	at org.openqa.selenium.firefox.FirefoxDriver.<init>(FirefoxDriver.java:125)
	at miscellaneous.AjaxApplications.setUp(AjaxApplications.java:22)
	at sun.reflect.NativeMethodAccessorImpl.invoke0(Native Method)
	at sun.reflect.NativeMethodAccessorImpl.invoke(Unknown Source)
	at sun.reflect.DelegatingMethodAccessorImpl.invoke(Unknown Source)
	at java.lang.reflect.Method.invoke(Unknown Source)
	at org.testng.internal.MethodInvocationHelper.invokeMethod(MethodInvocationHelper.java:84)
	at org.testng.internal.Invoker.invokeConfigurationMethod(Invoker.java:564)
	at org.testng.internal.Invoker.invokeConfigurations(Invoker.java:213)
	at org.testng.internal.Invoker.invokeConfigurations(Invoker.java:138)
	at org.testng.internal.TestMethodWorker.invokeBeforeClassMethods(TestMethodWorker.java:175)
	at org.testng.internal.TestMethodWorker.run(TestMethodWorker.java:107)
	at org.testng.TestRunner.privateRun(TestRunner.java:767)
	at org.testng.TestRunner.run(TestRunner.java:617)
	at org.testng.SuiteRunner.runTest(SuiteRunner.java:334)
	at org.testng.SuiteRunner.runSequentially(SuiteRunner.java:329)
	at org.testng.SuiteRunner.privateRun(SuiteRunner.java:291)
	at org.testng.SuiteRunner.run(SuiteRunner.java:240)
	at org.testng.SuiteRunnerWorker.runSuite(SuiteRunnerWorker.java:52)
	at org.testng.SuiteRunnerWorker.run(SuiteRunnerWorker.java:86)
	at org.testng.TestNG.runSuitesSequentially(TestNG.java:1224)
	at org.testng.TestNG.runSuitesLocally(TestNG.java:1149)
	at org.testng.TestNG.run(TestNG.java:1057)
	at org.testng.remote.RemoteTestNG.run(RemoteTestNG.java:111)
	at org.testng.remote.RemoteTestNG.initAndRun(RemoteTestNG.java:204)
	at org.testng.remote.RemoteTestNG.main(RemoteTestNG.java:175)
Caused by: org.openqa.selenium.firefox.NotConnectedException: Unable to connect to host 127.0.0.1 on port 7055 after 45000 ms. Firefox console output:
955163014961webdriver-profile\\extensions\\fxdriver@googlecode.com","installDate":1452279393826,"updateDate":1452279393826,"applyBackgroundUpdates":1,"bootstrap":false,"size":8235030,"sourceURI":null,"releaseNotesURI":null,"softDisabled":false,"foreignInstall":true,"hasBinaryComponents":true,"strictCompatibility":false,"locales":[],"targetApplications":[{"id":"{ec8030f7-c20a-464f-9b0e-13a3a9e97384}","minVersion":"3.0","maxVersion":"66.*"}],"targetPlatforms":[{"os":"Darwin","abi":null},{"os":"SunOS","abi":null},{"os":"FreeBSD","abi":null},{"os":"OpenBSD","abi":null},{"os":"WINNT","abi":"x86-msvc"},{"os":"Linux","abi":null}],"multiprocessCompatible":false,"signedState":0}
1452279398241	addons.xpi	DEBUG	Updating XPIState for {"id":"{972ce4c6-7e08-4474-a285-3208198ce6fd}","syncGUID":"1hAH6fg3JhO1","location":"app-global","version":"43.0.1","type":"theme","internalName":"classic/1.0","updateURL":null,"updateKey":null,"optionsURL":null,"optionsType":null,"aboutURL":null,"iconURL":null,"icon64URL":null,"defaultLocale":{"name":"Default","description":"The default theme.","creator":"Mozilla","homepageURL":null,"contributors":["Mozilla Contributors"]},"visible":true,"active":true,"userDisabled":false,"appDisabled":false,"descriptor":"C:\\Program Files (x86)\\Mozilla Firefox\\browser\\extensions\\{972ce4c6-7e08-4474-a285-3208198ce6fd}","installDate":1452060918241,"updateDate":1452060918241,"applyBackgroundUpdates":1,"skinnable":true,"size":24172,"sourceURI":null,"releaseNotesURI":null,"softDisabled":false,"foreignInstall":false,"hasBinaryComponents":false,"strictCompatibility":true,"locales":[],"targetApplications":[{"id":"{ec8030f7-c20a-464f-9b0e-13a3a9e97384}","minVersion":"43.0.1","maxVersion":"43.0.1"}],"targetPlatforms":[]}
1452279398241	addons.xpi	DEBUG	getModTime: Recursive scan of {972ce4c6-7e08-4474-a285-3208198ce6fd}
1452279398247	DeferredSave.extensions.json	DEBUG	Save changes
1452279398247	addons.xpi	DEBUG	Updating database with changes to installed add-ons
1452279398247	addons.xpi-utils	DEBUG	Updating add-on states
1452279398254	addons.xpi-utils	DEBUG	Writing add-ons list
1452279398281	addons.manager	DEBUG	Registering shutdown blocker for XPIProvider
1452279398282	addons.manager	DEBUG	Provider finished startup: XPIProvider
1452279398282	addons.manager	DEBUG	Starting provider: LightweightThemeManager
1452279398282	addons.manager	DEBUG	Registering shutdown blocker for LightweightThemeManager
1452279398283	addons.manager	DEBUG	Provider finished startup: LightweightThemeManager
1452279398284	addons.manager	DEBUG	Starting provider: GMPProvider
1452279398299	addons.manager	DEBUG	Registering shutdown blocker for GMPProvider
1452279398300	addons.manager	DEBUG	Provider finished startup: GMPProvider
1452279398300	addons.manager	DEBUG	Starting provider: PluginProvider
1452279398300	addons.manager	DEBUG	Registering shutdown blocker for PluginProvider
1452279398301	addons.manager	DEBUG	Provider finished startup: PluginProvider
1452279398302	addons.manager	DEBUG	Completed startup sequence
1452279400212	addons.manager	DEBUG	Starting provider: <unnamed-provider>
1452279400213	addons.manager	DEBUG	Registering shutdown blocker for <unnamed-provider>
1452279400213	addons.manager	DEBUG	Provider finished startup: <unnamed-provider>
1452279401584	DeferredSave.extensions.json	DEBUG	Starting write
1452279402591	addons.repository	DEBUG	No addons.json found.
1452279402592	DeferredSave.addons.json	DEBUG	Save changes
1452279402609	DeferredSave.addons.json	DEBUG	Starting timer
1452279402639	addons.manager	DEBUG	Starting provider: PreviousExperimentProvider
1452279402639	addons.manager	DEBUG	Registering shutdown blocker for PreviousExperimentProvider
1452279402640	addons.manager	DEBUG	Provider finished startup: PreviousExperimentProvider
1452279402644	DeferredSave.extensions.json	DEBUG	Write succeeded
1452279402645	addons.xpi-utils	DEBUG	XPI Database saved, setting schema version preference to 17
1452279402678	DeferredSave.addons.json	DEBUG	Starting write
1452279402775	DeferredSave.addons.json	DEBUG	Write succeeded

	at org.openqa.selenium.firefox.internal.NewProfileExtensionConnection.start(NewProfileExtensionConnection.java:122)
	... 31 more
]]>
    </failure>
  </testcase> <!-- test_AjaxExample -->
</testsuite> <!-- miscellaneous.AjaxApplications -->
