<?xml version="1.0" encoding="UTF-8"?>
<!-- Generated by org.testng.reporters.JUnitReportReporter -->
<testsuite hostname="Borka" name="testing_pack.Checkboxpos" tests="1" failures="0" timestamp="21 Nov 2015 19:57:29 GMT" time="4.331" errors="0">
  <testcase name="selectCheck" time="4.331" classname="testing_pack.Checkboxpos"/>
</testsuite> <!-- testing_pack.Checkboxpos -->
