<?xml version="1.0" encoding="UTF-8"?>
<!-- Generated by org.testng.reporters.JUnitReportReporter -->
<testsuite hostname="Borka" name="testing_pack.CSVRead" tests="1" failures="0" timestamp="22 Nov 2015 18:05:36 GMT" time="21.964" errors="0">
  <testcase name="csvDataRead" time="21.964" classname="testing_pack.CSVRead"/>
</testsuite> <!-- testing_pack.CSVRead -->
