<?xml version="1.0" encoding="UTF-8"?>
<!-- Generated by org.testng.reporters.JUnitReportReporter -->
<testsuite hostname="Borka" name="testing_pack.CloseAllTabs" tests="1" failures="0" timestamp="26 Nov 2015 17:20:41 GMT" time="5.657" errors="0">
  <testcase name="openTab" time="5.657" classname="testing_pack.CloseAllTabs"/>
</testsuite> <!-- testing_pack.CloseAllTabs -->
