<?xml version="1.0" encoding="UTF-8"?>
<!-- Generated by org.testng.reporters.JUnitReportReporter -->
<testsuite hostname="Borka" name="testing_pack.jsError" tests="1" failures="0" timestamp="22 Nov 2015 07:28:55 GMT" time="2.622" errors="0">
  <testcase name="printPageErrors" time="2.622" classname="testing_pack.jsError"/>
</testsuite> <!-- testing_pack.jsError -->
