<?xml version="1.0" encoding="UTF-8"?>
<!-- Generated by org.testng.reporters.JUnitReportReporter -->
<testsuite hostname="Borka" name="testing_pack.RecordTest" tests="1" failures="0" timestamp="22 Nov 2015 07:13:24 GMT" time="4.753" errors="0">
  <testcase name="getScrollStatus" time="4.753" classname="testing_pack.RecordTest"/>
</testsuite> <!-- testing_pack.RecordTest -->
