<?xml version="1.0" encoding="UTF-8"?>
<!-- Generated by org.testng.reporters.JUnitReportReporter -->
<testsuite hostname="Borka" name="testing_pack.deleteCookies" tests="1" failures="0" timestamp="22 Nov 2015 20:53:58 GMT" time="2.284" errors="0">
  <testcase name="deleteCookie" time="2.284" classname="testing_pack.deleteCookies"/>
</testsuite> <!-- testing_pack.deleteCookies -->
