<?xml version="1.0" encoding="UTF-8"?>
<!-- Generated by org.testng.reporters.JUnitReportReporter -->
<testsuite hostname="Borka" name="testing_pack.Iframes" tests="1" failures="0" timestamp="22 Nov 2015 07:40:41 GMT" time="2.477" errors="0">
  <testcase name="handleFrames" time="2.477" classname="testing_pack.Iframes"/>
</testsuite> <!-- testing_pack.Iframes -->
