<?xml version="1.0" encoding="UTF-8"?>
<!-- Generated by org.testng.reporters.JUnitReportReporter -->
<testsuite hostname="Borka" name="testing_pack.ScrollPresence" tests="1" failures="0" timestamp="22 Nov 2015 07:06:03 GMT" time="6.784" errors="0">
  <testcase name="getScrollStatus" time="6.784" classname="testing_pack.ScrollPresence"/>
</testsuite> <!-- testing_pack.ScrollPresence -->
