<?xml version="1.0" encoding="UTF-8"?>
<!-- Generated by org.testng.reporters.JUnitReportReporter -->
<testsuite hostname="Borka" name="testing_pack.Siblings_Table" tests="1" failures="0" timestamp="21 Nov 2015 20:02:29 GMT" time="0.824" errors="0">
  <testcase name="selectCheck" time="0.824" classname="testing_pack.Siblings_Table"/>
</testsuite> <!-- testing_pack.Siblings_Table -->
