<?xml version="1.0" encoding="UTF-8"?>
<!-- Generated by org.testng.reporters.JUnitReportReporter -->
<testsuite hostname="Borka" name="testing_pack_part6.htmlDriver" tests="1" failures="0" timestamp="22 Nov 2015 21:10:34 GMT" time="2.711" errors="0">
  <testcase name="googleSearch" time="2.711" classname="testing_pack_part6.htmlDriver"/>
</testsuite> <!-- testing_pack_part6.htmlDriver -->
