<?xml version="1.0" encoding="UTF-8"?>
<!-- Generated by org.testng.reporters.JUnitReportReporter -->
<testsuite hostname="Borka" name="testing_pack.elementScreenshot" tests="1" failures="0" timestamp="21 Nov 2015 19:48:29 GMT" time="7.638" errors="0">
  <testcase name="captureScreenshot" time="7.638" classname="testing_pack.elementScreenshot"/>
</testsuite> <!-- testing_pack.elementScreenshot -->
