<?xml version="1.0" encoding="UTF-8"?>
<!-- Generated by org.testng.reporters.JUnitReportReporter -->
<testsuite hostname="Borka" name="testing_pack_part6.htmlDriverTwo" tests="1" failures="0" timestamp="22 Nov 2015 21:20:17 GMT" time="0.031" errors="0">
  <testcase name="googleSearch" time="0.031" classname="testing_pack_part6.htmlDriverTwo"/>
</testsuite> <!-- testing_pack_part6.htmlDriverTwo -->
