<?xml version="1.0" encoding="UTF-8"?>
<!-- Generated by org.testng.reporters.JUnitReportReporter -->
<testsuite hostname="Borka" name="testing_pack.extractCookies" tests="1" failures="0" timestamp="22 Nov 2015 20:46:43 GMT" time="1.303" errors="0">
  <testcase name="extractCookie" time="1.303" classname="testing_pack.extractCookies"/>
</testsuite> <!-- testing_pack.extractCookies -->
