<?xml version="1.0" encoding="UTF-8"?>
<!-- Generated by org.testng.reporters.JUnitReportReporter -->
<testsuite hostname="Borka" name="testing_pack_part6.phantomjs" tests="1" failures="0" timestamp="22 Nov 2015 21:46:29 GMT" time="4.101" errors="0">
  <testcase name="phantomTest" time="4.101" classname="testing_pack_part6.phantomjs"/>
</testsuite> <!-- testing_pack_part6.phantomjs -->
