<?xml version="1.0" encoding="UTF-8"?>
<!-- Generated by org.testng.reporters.JUnitReportReporter -->
<testsuite hostname="Borka" name="testing_pack.WindowSizePosition" tests="2" failures="0" timestamp="25 Nov 2015 21:38:47 GMT" time="2.376" errors="0">
  <testcase name="setGetWinSize" time="0.939" classname="testing_pack.WindowSizePosition"/>
  <testcase name="setGetWinPosition" time="1.437" classname="testing_pack.WindowSizePosition"/>
</testsuite> <!-- testing_pack.WindowSizePosition -->
